<?xml version="1.0" encoding="UTF-8"?>
<testsuite xmlns:xsi="http://www.w3.org/2001/XMLSchema-instance" xsi:noNamespaceSchemaLocation="https://maven.apache.org/surefire/maven-surefire-plugin/xsd/surefire-test-report-3.0.xsd" version="3.0" name="PlanPruebasRetrocompatibilidad" time="337.844" tests="6" errors="0" skipped="0" failures="2">
  <properties>
    <property name="sun.desktop" value="windows"/>
    <property name="awt.toolkit" value="sun.awt.windows.WToolkit"/>
    <property name="file.encoding.pkg" value="sun.io"/>
    <property name="java.specification.version" value="1.8"/>
    <property name="sun.cpu.isalist" value="amd64"/>
    <property name="sun.jnu.encoding" value="Cp1252"/>
    <property name="java.class.path" value="C:\Users\temporal\Documents\GitHub\quiron-app-automation\target\test-classes;C:\Users\temporal\Documents\GitHub\quiron-app-automation\target\classes;C:\Users\temporal\.m2\repository\com\microsoft\sqlserver\mssql-jdbc\9.2.0.jre8\mssql-jdbc-9.2.0.jre8.jar;C:\Users\temporal\.m2\repository\com\opencsv\opencsv\5.3\opencsv-5.3.jar;C:\Users\temporal\.m2\repository\org\apache\commons\commons-text\1.9\commons-text-1.9.jar;C:\Users\temporal\.m2\repository\commons-beanutils\commons-beanutils\1.9.4\commons-beanutils-1.9.4.jar;C:\Users\temporal\.m2\repository\commons-logging\commons-logging\1.2\commons-logging-1.2.jar;C:\Users\temporal\.m2\repository\commons-collections\commons-collections\3.2.2\commons-collections-3.2.2.jar;C:\Users\temporal\.m2\repository\org\apache\commons\commons-collections4\4.4\commons-collections4-4.4.jar;C:\Users\temporal\.m2\repository\io\qameta\allure\allure-testng\2.13.7\allure-testng-2.13.7.jar;C:\Users\temporal\.m2\repository\io\qameta\allure\allure-java-commons\2.13.7\allure-java-commons-2.13.7.jar;C:\Users\temporal\.m2\repository\io\qameta\allure\allure-model\2.13.7\allure-model-2.13.7.jar;C:\Users\temporal\.m2\repository\com\fasterxml\jackson\core\jackson-databind\2.11.3\jackson-databind-2.11.3.jar;C:\Users\temporal\.m2\repository\com\fasterxml\jackson\core\jackson-annotations\2.11.3\jackson-annotations-2.11.3.jar;C:\Users\temporal\.m2\repository\com\fasterxml\jackson\core\jackson-core\2.11.3\jackson-core-2.11.3.jar;C:\Users\temporal\.m2\repository\org\apache\tika\tika-core\1.24.1\tika-core-1.24.1.jar;C:\Users\temporal\.m2\repository\org\jooq\joor-java-8\0.9.13\joor-java-8-0.9.13.jar;C:\Users\temporal\.m2\repository\io\appium\java-client\7.0.0\java-client-7.0.0.jar;C:\Users\temporal\.m2\repository\com\google\code\gson\gson\2.8.5\gson-2.8.5.jar;C:\Users\temporal\.m2\repository\org\apache\httpcomponents\httpclient\4.5.6\httpclient-4.5.6.jar;C:\Users\temporal\.m2\repository\org\apache\httpcomponents\httpcore\4.4.10\httpcore-4.4.10.jar;C:\Users\temporal\.m2\repository\commons-codec\commons-codec\1.10\commons-codec-1.10.jar;C:\Users\temporal\.m2\repository\cglib\cglib\3.2.8\cglib-3.2.8.jar;C:\Users\temporal\.m2\repository\org\ow2\asm\asm\6.2.1\asm-6.2.1.jar;C:\Users\temporal\.m2\repository\org\apache\ant\ant\1.10.3\ant-1.10.3.jar;C:\Users\temporal\.m2\repository\org\apache\ant\ant-launcher\1.10.3\ant-launcher-1.10.3.jar;C:\Users\temporal\.m2\repository\commons-validator\commons-validator\1.6\commons-validator-1.6.jar;C:\Users\temporal\.m2\repository\commons-digester\commons-digester\1.8.1\commons-digester-1.8.1.jar;C:\Users\temporal\.m2\repository\commons-io\commons-io\2.6\commons-io-2.6.jar;C:\Users\temporal\.m2\repository\org\springframework\spring-context\5.1.0.RELEASE\spring-context-5.1.0.RELEASE.jar;C:\Users\temporal\.m2\repository\org\springframework\spring-aop\5.1.0.RELEASE\spring-aop-5.1.0.RELEASE.jar;C:\Users\temporal\.m2\repository\org\springframework\spring-beans\5.1.0.RELEASE\spring-beans-5.1.0.RELEASE.jar;C:\Users\temporal\.m2\repository\org\springframework\spring-core\5.1.0.RELEASE\spring-core-5.1.0.RELEASE.jar;C:\Users\temporal\.m2\repository\org\springframework\spring-jcl\5.1.0.RELEASE\spring-jcl-5.1.0.RELEASE.jar;C:\Users\temporal\.m2\repository\org\springframework\spring-expression\5.1.0.RELEASE\spring-expression-5.1.0.RELEASE.jar;C:\Users\temporal\.m2\repository\org\aspectj\aspectjweaver\1.9.1\aspectjweaver-1.9.1.jar;C:\Users\temporal\.m2\repository\org\seleniumhq\selenium\selenium-java\3.141.59\selenium-java-3.141.59.jar;C:\Users\temporal\.m2\repository\org\seleniumhq\selenium\selenium-chrome-driver\3.141.59\selenium-chrome-driver-3.141.59.jar;C:\Users\temporal\.m2\repository\org\seleniumhq\selenium\selenium-edge-driver\3.141.59\selenium-edge-driver-3.141.59.jar;C:\Users\temporal\.m2\repository\org\seleniumhq\selenium\selenium-firefox-driver\3.141.59\selenium-firefox-driver-3.141.59.jar;C:\Users\temporal\.m2\repository\org\seleniumhq\selenium\selenium-ie-driver\3.141.59\selenium-ie-driver-3.141.59.jar;C:\Users\temporal\.m2\repository\org\seleniumhq\selenium\selenium-opera-driver\3.141.59\selenium-opera-driver-3.141.59.jar;C:\Users\temporal\.m2\repository\org\seleniumhq\selenium\selenium-remote-driver\3.141.59\selenium-remote-driver-3.141.59.jar;C:\Users\temporal\.m2\repository\org\seleniumhq\selenium\selenium-safari-driver\3.141.59\selenium-safari-driver-3.141.59.jar;C:\Users\temporal\.m2\repository\net\bytebuddy\byte-buddy\1.8.15\byte-buddy-1.8.15.jar;C:\Users\temporal\.m2\repository\org\apache\commons\commons-exec\1.3\commons-exec-1.3.jar;C:\Users\temporal\.m2\repository\com\google\guava\guava\25.0-jre\guava-25.0-jre.jar;C:\Users\temporal\.m2\repository\com\google\code\findbugs\jsr305\1.3.9\jsr305-1.3.9.jar;C:\Users\temporal\.m2\repository\org\checkerframework\checker-compat-qual\2.0.0\checker-compat-qual-2.0.0.jar;C:\Users\temporal\.m2\repository\com\google\errorprone\error_prone_annotations\2.1.3\error_prone_annotations-2.1.3.jar;C:\Users\temporal\.m2\repository\com\google\j2objc\j2objc-annotations\1.1\j2objc-annotations-1.1.jar;C:\Users\temporal\.m2\repository\org\codehaus\mojo\animal-sniffer-annotations\1.14\animal-sniffer-annotations-1.14.jar;C:\Users\temporal\.m2\repository\com\squareup\okhttp3\okhttp\3.11.0\okhttp-3.11.0.jar;C:\Users\temporal\.m2\repository\com\squareup\okio\okio\1.14.0\okio-1.14.0.jar;C:\Users\temporal\.m2\repository\org\seleniumhq\selenium\selenium-api\3.141.59\selenium-api-3.141.59.jar;C:\Users\temporal\.m2\repository\org\seleniumhq\selenium\selenium-support\3.141.59\selenium-support-3.141.59.jar;C:\Users\temporal\.m2\repository\org\apache\commons\commons-lang3\3.7\commons-lang3-3.7.jar;C:\Users\temporal\.m2\repository\org\testng\testng\6.14.3\testng-6.14.3.jar;C:\Users\temporal\.m2\repository\com\beust\jcommander\1.72\jcommander-1.72.jar;C:\Users\temporal\.m2\repository\org\apache-extras\beanshell\bsh\2.0b6\bsh-2.0b6.jar;C:\Users\temporal\.m2\repository\org\slf4j\slf4j-api\1.7.30\slf4j-api-1.7.30.jar;C:\Users\temporal\.m2\repository\org\slf4j\slf4j-simple\1.7.25\slf4j-simple-1.7.25.jar;C:\Users\temporal\.m2\repository\org\apache\logging\log4j\log4j-core\2.12.1\log4j-core-2.12.1.jar;C:\Users\temporal\.m2\repository\org\apache\logging\log4j\log4j-api\2.12.1\log4j-api-2.12.1.jar;C:\Users\temporal\.m2\repository\log4j\log4j\1.2.17\log4j-1.2.17.jar;"/>
    <property name="java.vm.vendor" value="Oracle Corporation"/>
    <property name="sun.arch.data.model" value="64"/>
    <property name="user.variant" value=""/>
    <property name="java.vendor.url" value="http://java.oracle.com/"/>
    <property name="user.timezone" value="Europe/Paris"/>
    <property name="java.vm.specification.version" value="1.8"/>
    <property name="os.name" value="Windows 10"/>
    <property name="user.country" value="ES"/>
    <property name="sun.java.launcher" value="SUN_STANDARD"/>
    <property name="sun.boot.library.path" value="C:\Program Files\Java\jdk1.8.0_281\jre\bin"/>
    <property name="sun.java.command" value="C:\Users\temporal\AppData\Local\Temp\surefire1800093427810461910\surefirebooter1162804362154267700.jar C:\Users\temporal\AppData\Local\Temp\surefire1800093427810461910 2021-05-21T13-51-22_402-jvmRun1 surefire2143725988549270875tmp surefire_05326401158626724819tmp"/>
    <property name="surefire.test.class.path" value="C:\Users\temporal\Documents\GitHub\quiron-app-automation\target\test-classes;C:\Users\temporal\Documents\GitHub\quiron-app-automation\target\classes;C:\Users\temporal\.m2\repository\com\microsoft\sqlserver\mssql-jdbc\9.2.0.jre8\mssql-jdbc-9.2.0.jre8.jar;C:\Users\temporal\.m2\repository\com\opencsv\opencsv\5.3\opencsv-5.3.jar;C:\Users\temporal\.m2\repository\org\apache\commons\commons-text\1.9\commons-text-1.9.jar;C:\Users\temporal\.m2\repository\commons-beanutils\commons-beanutils\1.9.4\commons-beanutils-1.9.4.jar;C:\Users\temporal\.m2\repository\commons-logging\commons-logging\1.2\commons-logging-1.2.jar;C:\Users\temporal\.m2\repository\commons-collections\commons-collections\3.2.2\commons-collections-3.2.2.jar;C:\Users\temporal\.m2\repository\org\apache\commons\commons-collections4\4.4\commons-collections4-4.4.jar;C:\Users\temporal\.m2\repository\io\qameta\allure\allure-testng\2.13.7\allure-testng-2.13.7.jar;C:\Users\temporal\.m2\repository\io\qameta\allure\allure-java-commons\2.13.7\allure-java-commons-2.13.7.jar;C:\Users\temporal\.m2\repository\io\qameta\allure\allure-model\2.13.7\allure-model-2.13.7.jar;C:\Users\temporal\.m2\repository\com\fasterxml\jackson\core\jackson-databind\2.11.3\jackson-databind-2.11.3.jar;C:\Users\temporal\.m2\repository\com\fasterxml\jackson\core\jackson-annotations\2.11.3\jackson-annotations-2.11.3.jar;C:\Users\temporal\.m2\repository\com\fasterxml\jackson\core\jackson-core\2.11.3\jackson-core-2.11.3.jar;C:\Users\temporal\.m2\repository\org\apache\tika\tika-core\1.24.1\tika-core-1.24.1.jar;C:\Users\temporal\.m2\repository\org\jooq\joor-java-8\0.9.13\joor-java-8-0.9.13.jar;C:\Users\temporal\.m2\repository\io\appium\java-client\7.0.0\java-client-7.0.0.jar;C:\Users\temporal\.m2\repository\com\google\code\gson\gson\2.8.5\gson-2.8.5.jar;C:\Users\temporal\.m2\repository\org\apache\httpcomponents\httpclient\4.5.6\httpclient-4.5.6.jar;C:\Users\temporal\.m2\repository\org\apache\httpcomponents\httpcore\4.4.10\httpcore-4.4.10.jar;C:\Users\temporal\.m2\repository\commons-codec\commons-codec\1.10\commons-codec-1.10.jar;C:\Users\temporal\.m2\repository\cglib\cglib\3.2.8\cglib-3.2.8.jar;C:\Users\temporal\.m2\repository\org\ow2\asm\asm\6.2.1\asm-6.2.1.jar;C:\Users\temporal\.m2\repository\org\apache\ant\ant\1.10.3\ant-1.10.3.jar;C:\Users\temporal\.m2\repository\org\apache\ant\ant-launcher\1.10.3\ant-launcher-1.10.3.jar;C:\Users\temporal\.m2\repository\commons-validator\commons-validator\1.6\commons-validator-1.6.jar;C:\Users\temporal\.m2\repository\commons-digester\commons-digester\1.8.1\commons-digester-1.8.1.jar;C:\Users\temporal\.m2\repository\commons-io\commons-io\2.6\commons-io-2.6.jar;C:\Users\temporal\.m2\repository\org\springframework\spring-context\5.1.0.RELEASE\spring-context-5.1.0.RELEASE.jar;C:\Users\temporal\.m2\repository\org\springframework\spring-aop\5.1.0.RELEASE\spring-aop-5.1.0.RELEASE.jar;C:\Users\temporal\.m2\repository\org\springframework\spring-beans\5.1.0.RELEASE\spring-beans-5.1.0.RELEASE.jar;C:\Users\temporal\.m2\repository\org\springframework\spring-core\5.1.0.RELEASE\spring-core-5.1.0.RELEASE.jar;C:\Users\temporal\.m2\repository\org\springframework\spring-jcl\5.1.0.RELEASE\spring-jcl-5.1.0.RELEASE.jar;C:\Users\temporal\.m2\repository\org\springframework\spring-expression\5.1.0.RELEASE\spring-expression-5.1.0.RELEASE.jar;C:\Users\temporal\.m2\repository\org\aspectj\aspectjweaver\1.9.1\aspectjweaver-1.9.1.jar;C:\Users\temporal\.m2\repository\org\seleniumhq\selenium\selenium-java\3.141.59\selenium-java-3.141.59.jar;C:\Users\temporal\.m2\repository\org\seleniumhq\selenium\selenium-chrome-driver\3.141.59\selenium-chrome-driver-3.141.59.jar;C:\Users\temporal\.m2\repository\org\seleniumhq\selenium\selenium-edge-driver\3.141.59\selenium-edge-driver-3.141.59.jar;C:\Users\temporal\.m2\repository\org\seleniumhq\selenium\selenium-firefox-driver\3.141.59\selenium-firefox-driver-3.141.59.jar;C:\Users\temporal\.m2\repository\org\seleniumhq\selenium\selenium-ie-driver\3.141.59\selenium-ie-driver-3.141.59.jar;C:\Users\temporal\.m2\repository\org\seleniumhq\selenium\selenium-opera-driver\3.141.59\selenium-opera-driver-3.141.59.jar;C:\Users\temporal\.m2\repository\org\seleniumhq\selenium\selenium-remote-driver\3.141.59\selenium-remote-driver-3.141.59.jar;C:\Users\temporal\.m2\repository\org\seleniumhq\selenium\selenium-safari-driver\3.141.59\selenium-safari-driver-3.141.59.jar;C:\Users\temporal\.m2\repository\net\bytebuddy\byte-buddy\1.8.15\byte-buddy-1.8.15.jar;C:\Users\temporal\.m2\repository\org\apache\commons\commons-exec\1.3\commons-exec-1.3.jar;C:\Users\temporal\.m2\repository\com\google\guava\guava\25.0-jre\guava-25.0-jre.jar;C:\Users\temporal\.m2\repository\com\google\code\findbugs\jsr305\1.3.9\jsr305-1.3.9.jar;C:\Users\temporal\.m2\repository\org\checkerframework\checker-compat-qual\2.0.0\checker-compat-qual-2.0.0.jar;C:\Users\temporal\.m2\repository\com\google\errorprone\error_prone_annotations\2.1.3\error_prone_annotations-2.1.3.jar;C:\Users\temporal\.m2\repository\com\google\j2objc\j2objc-annotations\1.1\j2objc-annotations-1.1.jar;C:\Users\temporal\.m2\repository\org\codehaus\mojo\animal-sniffer-annotations\1.14\animal-sniffer-annotations-1.14.jar;C:\Users\temporal\.m2\repository\com\squareup\okhttp3\okhttp\3.11.0\okhttp-3.11.0.jar;C:\Users\temporal\.m2\repository\com\squareup\okio\okio\1.14.0\okio-1.14.0.jar;C:\Users\temporal\.m2\repository\org\seleniumhq\selenium\selenium-api\3.141.59\selenium-api-3.141.59.jar;C:\Users\temporal\.m2\repository\org\seleniumhq\selenium\selenium-support\3.141.59\selenium-support-3.141.59.jar;C:\Users\temporal\.m2\repository\org\apache\commons\commons-lang3\3.7\commons-lang3-3.7.jar;C:\Users\temporal\.m2\repository\org\testng\testng\6.14.3\testng-6.14.3.jar;C:\Users\temporal\.m2\repository\com\beust\jcommander\1.72\jcommander-1.72.jar;C:\Users\temporal\.m2\repository\org\apache-extras\beanshell\bsh\2.0b6\bsh-2.0b6.jar;C:\Users\temporal\.m2\repository\org\slf4j\slf4j-api\1.7.30\slf4j-api-1.7.30.jar;C:\Users\temporal\.m2\repository\org\slf4j\slf4j-simple\1.7.25\slf4j-simple-1.7.25.jar;C:\Users\temporal\.m2\repository\org\apache\logging\log4j\log4j-core\2.12.1\log4j-core-2.12.1.jar;C:\Users\temporal\.m2\repository\org\apache\logging\log4j\log4j-api\2.12.1\log4j-api-2.12.1.jar;C:\Users\temporal\.m2\repository\log4j\log4j\1.2.17\log4j-1.2.17.jar;"/>
    <property name="sun.cpu.endian" value="little"/>
    <property name="user.home" value="C:\Users\temporal"/>
    <property name="user.language" value="es"/>
    <property name="java.specification.vendor" value="Oracle Corporation"/>
    <property name="java.home" value="C:\Program Files\Java\jdk1.8.0_281\jre"/>
    <property name="basedir" value="C:\Users\temporal\Documents\GitHub\quiron-app-automation"/>
    <property name="file.separator" value="\"/>
    <property name="line.separator" value="&#10;"/>
    <property name="java.vm.specification.vendor" value="Oracle Corporation"/>
    <property name="java.specification.name" value="Java Platform API Specification"/>
    <property name="java.awt.graphicsenv" value="sun.awt.Win32GraphicsEnvironment"/>
    <property name="surefire.real.class.path" value="C:\Users\temporal\AppData\Local\Temp\surefire1800093427810461910\surefirebooter1162804362154267700.jar"/>
    <property name="sun.boot.class.path" value="C:\Program Files\Java\jdk1.8.0_281\jre\lib\resources.jar;C:\Program Files\Java\jdk1.8.0_281\jre\lib\rt.jar;C:\Program Files\Java\jdk1.8.0_281\jre\lib\sunrsasign.jar;C:\Program Files\Java\jdk1.8.0_281\jre\lib\jsse.jar;C:\Program Files\Java\jdk1.8.0_281\jre\lib\jce.jar;C:\Program Files\Java\jdk1.8.0_281\jre\lib\charsets.jar;C:\Program Files\Java\jdk1.8.0_281\jre\lib\jfr.jar;C:\Program Files\Java\jdk1.8.0_281\jre\classes"/>
    <property name="user.script" value=""/>
    <property name="sun.management.compiler" value="HotSpot 64-Bit Tiered Compilers"/>
    <property name="java.runtime.version" value="1.8.0_281-b09"/>
    <property name="user.name" value="temporal"/>
    <property name="path.separator" value=";"/>
    <property name="os.version" value="10.0"/>
    <property name="java.endorsed.dirs" value="C:\Program Files\Java\jdk1.8.0_281\jre\lib\endorsed"/>
    <property name="java.runtime.name" value="Java(TM) SE Runtime Environment"/>
    <property name="file.encoding" value="UTF-8"/>
    <property name="java.vm.name" value="Java HotSpot(TM) 64-Bit Server VM"/>
    <property name="localRepository" value="C:\Users\temporal\.m2\repository"/>
    <property name="java.vendor.url.bug" value="http://bugreport.sun.com/bugreport/"/>
    <property name="java.io.tmpdir" value="C:\Users\temporal\AppData\Local\Temp\"/>
    <property name="java.version" value="1.8.0_281"/>
    <property name="user.dir" value="C:\Users\temporal\Documents\GitHub\quiron-app-automation"/>
    <property name="os.arch" value="amd64"/>
    <property name="java.vm.specification.name" value="Java Virtual Machine Specification"/>
    <property name="java.awt.printerjob" value="sun.awt.windows.WPrinterJob"/>
    <property name="sun.os.patch.level" value=""/>
    <property name="java.library.path" value="C:\Program Files\Java\jdk1.8.0_281\jre\bin;C:\windows\Sun\Java\bin;C:\windows\system32;C:\windows;C:\Python39\Scripts\;C:\Python39\;C:\Program Files (x86)\Common Files\Oracle\Java\javapath;C:\windows\system32;C:\windows;C:\windows\System32\Wbem;C:\windows\System32\WindowsPowerShell\v1.0\;C:\windows\System32\OpenSSH\;C:\Program Files\Java\jdk1.8.0_281\bin;C:\Users\temporal\AppData\Local\Android\Sdk\platform-tools;C:\Users\temporal\AppData\Local\Android\Sdk\tools;C:\Users\temporal\AppData\Local\Android\Sdk\tools\bin;C:\Program Files\Git\cmd;C:\Program Files\nodejs;C:\Program Files\Java\apache-maven-3.8.1\bin;C:\Users\temporal\AppData\Local\Microsoft\WindowsApps;C:\Users\temporal\AppData\Local\GitHubDesktop\bin;C:\Users\temporal\AppData\Local\Programs\Microsoft VS Code\bin;;."/>
    <property name="java.vm.info" value="mixed mode"/>
    <property name="java.vendor" value="Oracle Corporation"/>
    <property name="java.vm.version" value="25.281-b09"/>
    <property name="java.ext.dirs" value="C:\Program Files\Java\jdk1.8.0_281\jre\lib\ext;C:\windows\Sun\Java\lib\ext"/>
    <property name="sun.io.unicode.encoding" value="UnicodeLittle"/>
    <property name="java.class.version" value="52.0"/>
  </properties>
  <testcase name="Android_Inicio_01" classname="PlanPruebasRetrocompatibilidad" time="38.276"/>
  <testcase name="Android_Inicio_02" classname="PlanPruebasRetrocompatibilidad" time="28.495"/>
  <testcase name="Android_Hospitalizacion_01" classname="PlanPruebasRetrocompatibilidad" time="20.647"/>
  <testcase name="Android_Hospitalizacion_02" classname="PlanPruebasRetrocompatibilidad" time="150.473"/>
  <testcase name="Android_Hospitalizacion_03" classname="PlanPruebasRetrocompatibilidad" time="15.493">
    <failure message="The element &apos;By.id: com.radmas.iycp.casiopea.pre:id/text_search_edit_text&apos; does not exist in DOM anymore&#10;For documentation on this error, please visit: https://www.seleniumhq.org/exceptions/stale_element_reference.html&#10;Build info: version: &apos;3.141.59&apos;, revision: &apos;e82be7d358&apos;, time: &apos;2018-11-14T08:17:03&apos;&#10;System info: host: &apos;GFI12425&apos;, ip: &apos;10.160.178.181&apos;, os.name: &apos;Windows 10&apos;, os.arch: &apos;amd64&apos;, os.version: &apos;10.0&apos;, java.version: &apos;1.8.0_281&apos;&#10;Driver info: io.appium.java_client.android.AndroidDriver&#10;Capabilities {appActivity: com.radmas.iycp.presentatio..., appPackage: com.radmas.iycp.casiopea.pre, automationName: UiAutomator2, databaseEnabled: false, desired: {appActivity: com.radmas.iycp.presentatio..., appPackage: com.radmas.iycp.casiopea.pre, automationName: UiAutomator2, deviceName: emulator-5554, platformName: android, platformVersion: 9}, deviceApiLevel: 28, deviceManufacturer: Google, deviceModel: AOSP on IA Emulator, deviceName: emulator-5554, deviceScreenDensity: 240, deviceScreenSize: 720x1520, deviceUDID: emulator-5554, javascriptEnabled: true, locationContextEnabled: false, networkConnectionEnabled: true, pixelRatio: 1.5, platform: LINUX, platformName: Android, platformVersion: 9, statBarHeight: 36, takesScreenshot: true, viewportRect: {height: 1412, left: 0, top: 36, width: 720}, warnings: {}, webStorageEnabled: false}&#10;Session ID: 77530b88-d993-4a06-85e6-2ab60b6080be" type="org.openqa.selenium.StaleElementReferenceException"><![CDATA[org.openqa.selenium.StaleElementReferenceException: 
The element 'By.id: com.radmas.iycp.casiopea.pre:id/text_search_edit_text' does not exist in DOM anymore
For documentation on this error, please visit: https://www.seleniumhq.org/exceptions/stale_element_reference.html
Build info: version: '3.141.59', revision: 'e82be7d358', time: '2018-11-14T08:17:03'
System info: host: 'GFI12425', ip: '10.160.178.181', os.name: 'Windows 10', os.arch: 'amd64', os.version: '10.0', java.version: '1.8.0_281'
Driver info: io.appium.java_client.android.AndroidDriver
Capabilities {appActivity: com.radmas.iycp.presentatio..., appPackage: com.radmas.iycp.casiopea.pre, automationName: UiAutomator2, databaseEnabled: false, desired: {appActivity: com.radmas.iycp.presentatio..., appPackage: com.radmas.iycp.casiopea.pre, automationName: UiAutomator2, deviceName: emulator-5554, platformName: android, platformVersion: 9}, deviceApiLevel: 28, deviceManufacturer: Google, deviceModel: AOSP on IA Emulator, deviceName: emulator-5554, deviceScreenDensity: 240, deviceScreenSize: 720x1520, deviceUDID: emulator-5554, javascriptEnabled: true, locationContextEnabled: false, networkConnectionEnabled: true, pixelRatio: 1.5, platform: LINUX, platformName: Android, platformVersion: 9, statBarHeight: 36, takesScreenshot: true, viewportRect: {height: 1412, left: 0, top: 36, width: 720}, warnings: {}, webStorageEnabled: false}
Session ID: 77530b88-d993-4a06-85e6-2ab60b6080be
	at PlanPruebasRetrocompatibilidad.Android_Hospitalizacion_03(PlanPruebasRetrocompatibilidad.java:215)
]]></failure>
    <system-out><![CDATA[Se rellenó correctamente el input Buscar con el valor: 20012430
-----------------------------------------------
Se rellenó correctamente el input Buscar con el valor: 20012430
-----------------------------------------------
P<ciente Rellenado correctamente en Buscar
-----------------------------------------------
P<ciente Rellenado correctamente en Buscar
-----------------------------------------------
Android_FP_009 - OK
-----------------------------------------------
Android_FP_009 - OK
-----------------------------------------------
Se inicia la búsqueda de paciente correctamente
-----------------------------------------------
Se muestra tutorial
-----------------------------------------------
Error al intentar buscar paciente
-----------------------------------------------
]]></system-out>
  </testcase>
  <testcase name="Android_Hospitalizacion_04" classname="PlanPruebasRetrocompatibilidad" time="85.964">
    <failure message="expected [true] but found [false]" type="java.lang.AssertionError"><![CDATA[java.lang.AssertionError: expected [true] but found [false]
	at PlanPruebasRetrocompatibilidad.Android_Hospitalizacion_04(PlanPruebasRetrocompatibilidad.java:256)
]]></failure>
    <system-out><![CDATA[Se cierra el tutorial
-----------------------------------------------
La historia del paciente NO TOCAR PREUBAS AUTOMATICAS MOBILITY se muestra correctamente
-----------------------------------------------
Android_P_010 - OK
-----------------------------------------------
El botón filtro de Historia se pulsa correctamente
-----------------------------------------------
Se muestra correctamente la pantalla 'Filtros historia'
-----------------------------------------------
Se abre correctamente filtro de historia de paciente
-----------------------------------------------
Android_PH_012_1 - OK
-----------------------------------------------
1 Iteracion
Variable: false
Ckeck valor: false
No pasa nada
2 Iteracion
Variable: true
Ckeck valor: false
Entra dentro 1
Saleee 2
3 Iteracion
Variable: false
Ckeck valor: false
No pasa nada
4 Iteracion
Variable: false
Ckeck valor: false
No pasa nada
5 Iteracion
Variable: false
Ckeck valor: false
No pasa nada
Las opciones se seleccionan correctamente
-----------------------------------------------
Se han seleccionado las opciones correctas
-----------------------------------------------
Android_PH_012_2_1 - OK
-----------------------------------------------
Se pudo pulsar correctamente el botón 'Volver' [1] veces
-----------------------------------------------
El resultado de Historia es correcto
-----------------------------------------------
Android_PH_012_3_1 - OK
-----------------------------------------------
NO DEFECTO: 666 , 140 // R:227 G: 227 B: 227
El filtro por defecto está desactivado
-----------------------------------------------
Android_PH_014 - OK
-----------------------------------------------
El botón filtro de Historia se pulsa correctamente
-----------------------------------------------
Se muestra correctamente la pantalla 'Filtros historia'
-----------------------------------------------
Se abre correctamente filtro de historia de paciente
-----------------------------------------------
Android_PH_012_1 - OK
-----------------------------------------------
1 Iteracion
Variable: false
Ckeck valor: false
No pasa nada
2 Iteracion
Variable: false
Ckeck valor: true
Entra dentro 1
Saleee 2
3 Iteracion
Variable: false
Ckeck valor: false
No pasa nada
4 Iteracion
Variable: true
Ckeck valor: false
Entra dentro 1
Saleee 2
5 Iteracion
Variable: false
Ckeck valor: false
No pasa nada
Las opciones se seleccionan correctamente
-----------------------------------------------
Se han seleccionado las opciones correctas
-----------------------------------------------
Android_PH_012_2_2 - OK
-----------------------------------------------
Se pudo pulsar correctamente el botón 'Volver' [1] veces
-----------------------------------------------
El resultado de Historia es correcto
-----------------------------------------------
Android_PH_012_3_2 - OK
-----------------------------------------------
NO DEFECTO: 666 , 140 // R:227 G: 227 B: 227
El filtro por defecto está desactivado
-----------------------------------------------
Android_PH_014 - OK
-----------------------------------------------
Se pulsa Historial Covid
-----------------------------------------------
Se abre correctamente el historial Covid
-----------------------------------------------
Android_PH_001_1 - OK
-----------------------------------------------
Botón Back del dispositivo se pulsó correctamente
-----------------------------------------------
Se cierra correctamente Historial Covid
-----------------------------------------------
Android_PH_001_2 - OK
-----------------------------------------------
Se pulsa Alergias
-----------------------------------------------
Se abre correctamente Alergias
-----------------------------------------------
Android_PH_002 - OK
-----------------------------------------------
Botón Back del dispositivo se pulsó correctamente
-----------------------------------------------
Se cierra correctamente Alergias
-----------------------------------------------
Android_PH_005 - OK
-----------------------------------------------
Se pulsa Evolucion
-----------------------------------------------
Se abre correctamente Evolucion
-----------------------------------------------
Android_PH_009 - OK
-----------------------------------------------
Se pudo pulsar correctamente el botón 'Volver' [1] veces
-----------------------------------------------
No se muestra tutorial
-----------------------------------------------
La historia del paciente NO TOCAR PREUBAS AUTOMATICAS MOBILITY se muestra correctamente
-----------------------------------------------
Android_PH_010 - OK
-----------------------------------------------
El botón filtro de Historia se pulsa correctamente
-----------------------------------------------
Se muestra correctamente la pantalla 'Filtros historia'
-----------------------------------------------
Se abre correctamente filtro de historia de paciente
-----------------------------------------------
Android_PH_012_1 - OK
-----------------------------------------------
1 Iteracion
Variable: false
Ckeck valor: false
No pasa nada
2 Iteracion
Variable: false
Ckeck valor: false
No pasa nada
3 Iteracion
Variable: false
Ckeck valor: false
No pasa nada
4 Iteracion
Variable: false
Ckeck valor: true
Entra dentro 1
Saleee 2
5 Iteracion
Variable: false
Ckeck valor: false
No pasa nada
Las opciones se seleccionan correctamente
-----------------------------------------------
Se han seleccionado las opciones correctas
-----------------------------------------------
Android_PH_012_2_3 - OK
-----------------------------------------------
Se pudo pulsar correctamente el botón 'Volver' [1] veces
-----------------------------------------------
El resultado de Historia es correcto
-----------------------------------------------
Android_PH_012_3_3 - OK
-----------------------------------------------
NO DEFECTO: 666 , 140 // R:227 G: 227 B: 227
El filtro por defecto está desactivado
-----------------------------------------------
]]></system-out>
  </testcase>
</testsuite>